/home/rojas/.conda/envs/evaluate_myAssembly/bin/quast.py -o /home/rojas/Zpasserinii/1_PacBio_assembly/evaluateAssembly/ipaNoPhase /home/rojas/Zpasserinii/1_PacBio_assembly/1.1_assembly/IPA/noPhase/assembly-results/final.p_ctg.fasta

Version: 5.2.0

System information:
  OS: Linux-3.10.0-1160.66.1.el7.x86_64-x86_64-with-glibc2.17 (linux_64)
  Python version: 3.10.9
  CPUs number: 32

Started: 2023-02-07 12:19:30

Logging to /home/rojas/Zpasserinii/1_PacBio_assembly/evaluateAssembly/ipaNoPhase/quast.log
NOTICE: Output directory already exists and looks like a QUAST output dir. Existing results can be reused (e.g. previously generated alignments)!
NOTICE: Maximum number of threads is set to 8 (use --threads option to set it manually)

CWD: /home/rojas/Zpasserinii/1_PacBio_assembly/1.1_assembly/bin
Main parameters: 
  MODE: default, threads: 8, min contig length: 500, min alignment length: 65, min alignment IDY: 95.0, \
  ambiguity: one, min local misassembly length: 200, min extensive misassembly length: 1000

Contigs:
  Pre-processing...
  /home/rojas/Zpasserinii/1_PacBio_assembly/1.1_assembly/IPA/noPhase/assembly-results/final.p_ctg.fasta ==> final.p_ctg

2023-02-07 12:19:40
Running Basic statistics processor...
  Contig files: 
    final.p_ctg
  Calculating N50 and L50...
    final.p_ctg, N50 = 1594512, L50 = 8, auN = 1743816.2, Total length = 31389365, GC % = 52.32, # N's per 100 kbp =  0.07
  Drawing Nx plot...
    saved to /home/rojas/Zpasserinii/1_PacBio_assembly/evaluateAssembly/ipaNoPhase/basic_stats/Nx_plot.pdf
  Drawing cumulative plot...
    saved to /home/rojas/Zpasserinii/1_PacBio_assembly/evaluateAssembly/ipaNoPhase/basic_stats/cumulative_plot.pdf
  Drawing GC content plot...
    saved to /home/rojas/Zpasserinii/1_PacBio_assembly/evaluateAssembly/ipaNoPhase/basic_stats/GC_content_plot.pdf
  Drawing final.p_ctg GC content plot...
    saved to /home/rojas/Zpasserinii/1_PacBio_assembly/evaluateAssembly/ipaNoPhase/basic_stats/final.p_ctg_GC_content_plot.pdf
Done.

NOTICE: Genes are not predicted by default. Use --gene-finding or --glimmer option to enable it.

2023-02-07 12:19:46
Creating large visual summaries...
This may take a while: press Ctrl-C to skip this step..
  1 of 2: Creating PDF with all tables and plots...
  2 of 2: Creating Icarus viewers...
Done

2023-02-07 12:19:47
RESULTS:
  Text versions of total report are saved to /home/rojas/Zpasserinii/1_PacBio_assembly/evaluateAssembly/ipaNoPhase/report.txt, report.tsv, and report.tex
  Text versions of transposed total report are saved to /home/rojas/Zpasserinii/1_PacBio_assembly/evaluateAssembly/ipaNoPhase/transposed_report.txt, transposed_report.tsv, and transposed_report.tex
  HTML version (interactive tables and plots) is saved to /home/rojas/Zpasserinii/1_PacBio_assembly/evaluateAssembly/ipaNoPhase/report.html
  PDF version (tables and plots) is saved to /home/rojas/Zpasserinii/1_PacBio_assembly/evaluateAssembly/ipaNoPhase/report.pdf
  Icarus (contig browser) is saved to /home/rojas/Zpasserinii/1_PacBio_assembly/evaluateAssembly/ipaNoPhase/icarus.html
  Log is saved to /home/rojas/Zpasserinii/1_PacBio_assembly/evaluateAssembly/ipaNoPhase/quast.log

Finished: 2023-02-07 12:19:47
Elapsed time: 0:00:17.217802
NOTICEs: 3; WARNINGs: 0; non-fatal ERRORs: 0

Thank you for using QUAST!
